<!DOCTYPE html PUBLIC "-//W3C//DTD XHTML 1.1//EN" "http://www.w3.org/TR/xhtml11/DTD/xhtml11.dtd">
<html xmlns="http://www.w3.org/1999/xhtml"><head><title>TestNG Report</title><style type="text/css">table {margin-bottom:10px;border-collapse:collapse;empty-cells:show}th,td {border:1px solid #009;padding:.25em .5em}th {vertical-align:bottom}td {vertical-align:top}table a {font-weight:bold}.stripe td {background-color: #E6EBF9}.num {text-align:right}.passedodd td {background-color: #3F3}.passedeven td {background-color: #0A0}.skippedodd td {background-color: #DDD}.skippedeven td {background-color: #CCC}.failedodd td,.attn {background-color: #F33}.failedeven td,.stripe .attn {background-color: #D00}.stacktrace {white-space:pre;font-family:monospace}.totop {font-size:85%;text-align:center;border-bottom:2px solid #000}</style></head><body><table><tr><th>Test</th><th># Passed</th><th># Skipped</th><th># Failed</th><th>Time (ms)</th><th>Included Groups</th><th>Excluded Groups</th></tr><tr><th colspan="7">Suite</th></tr><tr><td><a href="#t0">Test</a></td><td class="num">0</td><td class="num">0</td><td class="num">0</td><td class="num">5</td><td></td><td></td></tr><tr class="stripe"><td><a href="#t1">FF_Browser</a></td><td class="num">0</td><td class="num attn">1</td><td class="num">0</td><td class="num">174</td><td></td><td></td></tr><tr><td><a href="#t2">Chrome_Browser</a></td><td class="num">1</td><td class="num">0</td><td class="num">0</td><td class="num">26,766</td><td></td><td></td></tr><tr class="stripe"><td><a href="#t3">IE_Browser</a></td><td class="num">0</td><td class="num attn">1</td><td class="num">0</td><td class="num">22</td><td></td><td></td></tr><tr><th>Total</th><th class="num">1</th><th class="num attn">2</th><th class="num">0</th><th class="num">26,967</th><th colspan="2"></th></tr></table><table><thead><tr><th>Class</th><th>Method</th><th>Start</th><th>Time (ms)</th></tr></thead><tbody><tr><th colspan="4">Suite</th></tr></tbody><tbody id="t0"></tbody><tbody id="t1"><tr><th colspan="4">FF_Browser &#8212; failed (configuration methods)</th></tr><tr class="failedeven"><td rowspan="1">org.testing.scripts.TC1</td><td><a href="#m0">setup</a></td><td rowspan="1">1546102774491</td><td rowspan="1">0</td></tr><tr><th colspan="4">FF_Browser &#8212; skipped (configuration methods)</th></tr><tr class="skippedeven"><td rowspan="1">org.testing.scripts.TC1</td><td><a href="#m1">teatdown</a></td><td rowspan="1">1546102774652</td><td rowspan="1">0</td></tr><tr><th colspan="4">FF_Browser &#8212; skipped</th></tr><tr class="skippedeven"><td rowspan="1">org.testing.scripts.TC1</td><td><a href="#m2">test1</a></td><td rowspan="1">1546102774643</td><td rowspan="1">2</td></tr></tbody><tbody id="t2"><tr><th colspan="4">Chrome_Browser &#8212; passed</th></tr><tr class="passedeven"><td rowspan="1">org.testing.scripts.TC1</td><td><a href="#m3">test1</a></td><td rowspan="1">1546102783751</td><td rowspan="1">17487</td></tr></tbody><tbody id="t3"><tr><th colspan="4">IE_Browser &#8212; failed (configuration methods)</th></tr><tr class="failedeven"><td rowspan="1">org.testing.scripts.TC1</td><td><a href="#m4">setup</a></td><td rowspan="1">1546102801492</td><td rowspan="1">0</td></tr><tr><th colspan="4">IE_Browser &#8212; skipped (configuration methods)</th></tr><tr class="skippedeven"><td rowspan="1">org.testing.scripts.TC1</td><td><a href="#m5">teatdown</a></td><td rowspan="1">1546102801511</td><td rowspan="1">0</td></tr><tr><th colspan="4">IE_Browser &#8212; skipped</th></tr><tr class="skippedeven"><td rowspan="1">org.testing.scripts.TC1</td><td><a href="#m6">test1</a></td><td rowspan="1">1546102801507</td><td rowspan="1">2</td></tr></tbody></table><h2>Test</h2><h2>FF_Browser</h2><h3 id="m0">org.testing.scripts.TC1#setup</h3><table class="result"><tr class="param"><th>Parameter #1</th></tr><tr class="param stripe"><td>firefox</td></tr><tr><th>Exception</th></tr><tr><td><div class="stacktrace">org.openqa.selenium.WebDriverException: Cannot find firefox binary in PATH. Make sure firefox is installed. OS appears to be: WIN10
Build info: version: &apos;3.141.59&apos;, revision: &apos;e82be7d358&apos;, time: &apos;2018-11-14T08:25:48&apos;
System info: host: &apos;DELL-TAMANNA&apos;, ip: &apos;192.168.0.103&apos;, os.name: &apos;Windows 10&apos;, os.arch: &apos;amd64&apos;, os.version: &apos;10.0&apos;, java.version: &apos;1.8.0_181&apos;
Driver info: driver.version: FirefoxDriver
	at org.openqa.selenium.firefox.FirefoxBinary.&lt;init&gt;(FirefoxBinary.java:100)
	at java.util.Optional.orElseGet(Unknown Source)
	at org.openqa.selenium.firefox.FirefoxOptions.getBinary(FirefoxOptions.java:216)
	at org.openqa.selenium.firefox.FirefoxDriver.toExecutor(FirefoxDriver.java:187)
	at org.openqa.selenium.firefox.FirefoxDriver.&lt;init&gt;(FirefoxDriver.java:147)
	at org.openqa.selenium.firefox.FirefoxDriver.&lt;init&gt;(FirefoxDriver.java:125)
	at org.testing.base.Base_Mastbit.setup(Base_Mastbit.java:34)
... Removed 26 stack frames</div></td></tr></table><p class="totop"><a href="#summary">back to summary</a></p><h3 id="m1">org.testing.scripts.TC1#teatdown</h3><table class="result"></table><p class="totop"><a href="#summary">back to summary</a></p><h3 id="m2">org.testing.scripts.TC1#test1</h3><table class="result"></table><p class="totop"><a href="#summary">back to summary</a></p><h2>Chrome_Browser</h2><h3 id="m3">org.testing.scripts.TC1#test1</h3><table class="result"></table><p class="totop"><a href="#summary">back to summary</a></p><h2>IE_Browser</h2><h3 id="m4">org.testing.scripts.TC1#setup</h3><table class="result"><tr class="param"><th>Parameter #1</th></tr><tr class="param stripe"><td>ie</td></tr><tr><th>Exception</th></tr><tr><td><div class="stacktrace">java.lang.IllegalStateException: The driver executable does not exist: C:\Users\Tamanna Sharma\Desktop\IEDriverServer.exe
	at com.google.common.base.Preconditions.checkState(Preconditions.java:585)
	at org.openqa.selenium.remote.service.DriverService.checkExecutable(DriverService.java:146)
	at org.openqa.selenium.remote.service.DriverService.findExecutable(DriverService.java:141)
	at org.openqa.selenium.ie.InternetExplorerDriverService.access$000(InternetExplorerDriverService.java:35)
	at org.openqa.selenium.ie.InternetExplorerDriverService$Builder.findDefaultExecutable(InternetExplorerDriverService.java:175)
	at org.openqa.selenium.remote.service.DriverService$Builder.build(DriverService.java:355)
	at org.openqa.selenium.ie.InternetExplorerDriver.setupService(InternetExplorerDriver.java:281)
	at org.openqa.selenium.ie.InternetExplorerDriver.&lt;init&gt;(InternetExplorerDriver.java:211)
	at org.openqa.selenium.ie.InternetExplorerDriver.&lt;init&gt;(InternetExplorerDriver.java:150)
	at org.testing.base.Base_Mastbit.setup(Base_Mastbit.java:50)
... Removed 26 stack frames</div></td></tr></table><p class="totop"><a href="#summary">back to summary</a></p><h3 id="m5">org.testing.scripts.TC1#teatdown</h3><table class="result"></table><p class="totop"><a href="#summary">back to summary</a></p><h3 id="m6">org.testing.scripts.TC1#test1</h3><table class="result"></table><p class="totop"><a href="#summary">back to summary</a></p></body></html>